<?xml version="1.0" encoding="UTF-8" ?>
<testsuite tests="9" failures="0" name="search.test.phone.RunPhoneTest" time="0.15" errors="0" skipped="8">
  <properties>
[...]
</properties>
  <testcase classname="Scenario: Search for iphone less than £800" name="Given I am on google.com search page" time="0.013">
    <skipped/>
    <system-out>#Author: murali P
Feature: Search phone iphone on amazon via google
</system-out>
  </testcase>
  <testcase classname="Scenario: Search for iphone less than £800" name="And I want to search for iphone" time="0.014">
    <skipped/>
  </testcase>
  <testcase classname="Scenario: Search for iphone less than £800" name="When I see amazon.co.uk link in search results" time="0.014">
    <skipped/>
  </testcase>
  <testcase classname="Scenario: Search for iphone less than £800" name="And I select the link" time="0.015">
    <skipped/>
  </testcase>
  <testcase classname="Scenario: Search for iphone less than £800" name="Then I look for larges model on stroage space" time="0.016">
    <skipped/>
  </testcase>
  <testcase classname="Scenario: Search for iphone less than £800" name="Then print the name, price and URL on the console" time="0.017">
    <skipped/>
  </testcase>
  <testcase classname="Scenario: Search for iphone less than £800" name="And ensure the price of the model not greather than £800" time="0.02">
    <skipped/>
  </testcase>
  <testcase classname="Scenario: Search for iphone less than £800" name="Scenario: Search for iphone less than £800" time="0.02">
    <skipped/>
  </testcase>
  <testcase classname="Scenario: Search for iphone less than £800" name="Scenario: Search for iphone less than £800" time="0.021"/>
</testsuite>